Determining if the pthread_create exist failed with the following output:
Change Dir: /media/swordigo/Code/Projects/LightDesign/Samples/differentiable_renderer/redner/build2/CMakeFiles/CMakeTmp

Run Build Command:"/usr/bin/make" "cmTC_21e31/fast"
/usr/bin/make -f CMakeFiles/cmTC_21e31.dir/build.make CMakeFiles/cmTC_21e31.dir/build
make[1]: Entering directory '/media/swordigo/Code/Projects/LightDesign/Samples/differentiable_renderer/redner/build2/CMakeFiles/CMakeTmp'
Building C object CMakeFiles/cmTC_21e31.dir/CheckSymbolExists.c.o
/usr/bin/cc   -fPIC    -o CMakeFiles/cmTC_21e31.dir/CheckSymbolExists.c.o   -c /media/swordigo/Code/Projects/LightDesign/Samples/differentiable_renderer/redner/build2/CMakeFiles/CMakeTmp/CheckSymbolExists.c
Linking C executable cmTC_21e31
/opt/cmake-3.13/bin/cmake -E cmake_link_script CMakeFiles/cmTC_21e31.dir/link.txt --verbose=1
/usr/bin/cc -fPIC     CMakeFiles/cmTC_21e31.dir/CheckSymbolExists.c.o  -o cmTC_21e31 
CMakeFiles/cmTC_21e31.dir/CheckSymbolExists.c.o: In function `main':
CheckSymbolExists.c:(.text+0x1b): undefined reference to `pthread_create'
collect2: error: ld returned 1 exit status
CMakeFiles/cmTC_21e31.dir/build.make:86: recipe for target 'cmTC_21e31' failed
make[1]: *** [cmTC_21e31] Error 1
make[1]: Leaving directory '/media/swordigo/Code/Projects/LightDesign/Samples/differentiable_renderer/redner/build2/CMakeFiles/CMakeTmp'
Makefile:121: recipe for target 'cmTC_21e31/fast' failed
make: *** [cmTC_21e31/fast] Error 2

File /media/swordigo/Code/Projects/LightDesign/Samples/differentiable_renderer/redner/build2/CMakeFiles/CMakeTmp/CheckSymbolExists.c:
/* */
#include <pthread.h>

int main(int argc, char** argv)
{
  (void)argv;
#ifndef pthread_create
  return ((int*)(&pthread_create))[argc];
#else
  (void)argc;
  return 0;
#endif
}

Determining if the function pthread_create exists in the pthreads failed with the following output:
Change Dir: /media/swordigo/Code/Projects/LightDesign/Samples/differentiable_renderer/redner/build2/CMakeFiles/CMakeTmp

Run Build Command:"/usr/bin/make" "cmTC_33325/fast"
/usr/bin/make -f CMakeFiles/cmTC_33325.dir/build.make CMakeFiles/cmTC_33325.dir/build
make[1]: Entering directory '/media/swordigo/Code/Projects/LightDesign/Samples/differentiable_renderer/redner/build2/CMakeFiles/CMakeTmp'
Building C object CMakeFiles/cmTC_33325.dir/CheckFunctionExists.c.o
/usr/bin/cc   -fPIC -DCHECK_FUNCTION_EXISTS=pthread_create   -o CMakeFiles/cmTC_33325.dir/CheckFunctionExists.c.o   -c /opt/cmake-3.13/share/cmake-3.13/Modules/CheckFunctionExists.c
Linking C executable cmTC_33325
/opt/cmake-3.13/bin/cmake -E cmake_link_script CMakeFiles/cmTC_33325.dir/link.txt --verbose=1
/usr/bin/cc -fPIC -DCHECK_FUNCTION_EXISTS=pthread_create    CMakeFiles/cmTC_33325.dir/CheckFunctionExists.c.o  -o cmTC_33325 -lpthreads 
/usr/bin/ld: cannot find -lpthreads
collect2: error: ld returned 1 exit status
CMakeFiles/cmTC_33325.dir/build.make:86: recipe for target 'cmTC_33325' failed
make[1]: *** [cmTC_33325] Error 1
make[1]: Leaving directory '/media/swordigo/Code/Projects/LightDesign/Samples/differentiable_renderer/redner/build2/CMakeFiles/CMakeTmp'
Makefile:121: recipe for target 'cmTC_33325/fast' failed
make: *** [cmTC_33325/fast] Error 2


